2022-07-01 15:21:48,344 INFO o.a.j.u.JMeterUtils: Setting Locale to en_ID
2022-07-01 15:21:48,433 INFO o.a.j.JMeter: Loading user properties from: /Users/rismanda.kusumadewi/.bzt/jmeter-taurus/5.4.2/bin/user.properties
2022-07-01 15:21:48,433 INFO o.a.j.JMeter: Loading system properties from: /Users/rismanda.kusumadewi/.bzt/jmeter-taurus/5.4.2/bin/system.properties
2022-07-01 15:21:48,434 INFO o.a.j.JMeter: Loading additional properties from: /Users/rismanda.kusumadewi/sample_app/2022-07-01_15-21-28.902326/jmeter-bzt.properties
2022-07-01 15:21:48,434 INFO o.a.j.JMeter: Setting System properties from file: /Users/rismanda.kusumadewi/sample_app/2022-07-01_15-21-28.902326/system.properties
2022-07-01 15:21:48,443 INFO o.a.j.JMeter: Copyright (c) 1998-2021 The Apache Software Foundation
2022-07-01 15:21:48,448 INFO o.a.j.JMeter: Version 5.4.2
2022-07-01 15:21:48,448 INFO o.a.j.JMeter: java.version=16.0.2
2022-07-01 15:21:48,448 INFO o.a.j.JMeter: java.vm.name=Java HotSpot(TM) 64-Bit Server VM
2022-07-01 15:21:48,448 INFO o.a.j.JMeter: os.name=Mac OS X
2022-07-01 15:21:48,449 INFO o.a.j.JMeter: os.arch=x86_64
2022-07-01 15:21:48,449 INFO o.a.j.JMeter: os.version=11.5
2022-07-01 15:21:48,449 INFO o.a.j.JMeter: file.encoding=UTF-8
2022-07-01 15:21:48,449 INFO o.a.j.JMeter: java.awt.headless=true
2022-07-01 15:21:48,449 INFO o.a.j.JMeter: Max memory     =2147483648
2022-07-01 15:21:48,449 INFO o.a.j.JMeter: Available Processors =4
2022-07-01 15:21:48,468 INFO o.a.j.JMeter: Default Locale=English (Indonesia)
2022-07-01 15:21:48,468 INFO o.a.j.JMeter: JMeter  Locale=English (Indonesia)
2022-07-01 15:21:48,468 INFO o.a.j.JMeter: JMeterHome=/Users/rismanda.kusumadewi/.bzt/jmeter-taurus/5.4.2
2022-07-01 15:21:48,469 INFO o.a.j.JMeter: user.dir  =/Users/rismanda.kusumadewi/sample_app
2022-07-01 15:21:48,469 INFO o.a.j.JMeter: PWD       =/Users/rismanda.kusumadewi/sample_app
2022-07-01 15:21:48,472 INFO o.a.j.JMeter: IP: 10.33.195.50 Name: BA-00002663.local FullName: 10.33.195.50
2022-07-01 15:21:48,472 INFO o.a.j.JMeter: user.classpath=/Users/rismanda.kusumadewi/sample_app/2022-07-01_15-21-28.902326:/Users/rismanda.kusumadewi/sample_app/2022-07-01_15-21-28.902326
2022-07-01 15:21:48,472 INFO o.a.j.JMeter: Adding to classpath and loader: /Users/rismanda.kusumadewi/sample_app/2022-07-01_15-21-28.902326
2022-07-01 15:21:48,473 INFO o.a.j.JMeter: Adding to classpath and loader: /Users/rismanda.kusumadewi/sample_app/2022-07-01_15-21-28.902326
2022-07-01 15:21:48,483 INFO o.a.j.s.FileServer: Default base='/Users/rismanda.kusumadewi/sample_app'
2022-07-01 15:21:48,491 INFO o.a.j.s.FileServer: Set new base='/Users/rismanda.kusumadewi/sample_app/2022-07-01_15-21-28.902326'
2022-07-01 15:21:49,012 INFO o.a.j.s.SaveService: Testplan (JMX) version: 2.2. Testlog (JTL) version: 2.2
2022-07-01 15:21:49,086 INFO o.a.j.s.SaveService: Using SaveService properties version 5.0
2022-07-01 15:21:49,089 INFO o.a.j.s.SaveService: Using SaveService properties file encoding UTF-8
2022-07-01 15:21:49,093 INFO o.a.j.s.SaveService: Loading file: /Users/rismanda.kusumadewi/sample_app/2022-07-01_15-21-28.902326/modified_requests.jmx
2022-07-01 15:21:49,226 INFO o.a.j.p.h.c.CacheManager: Will only cache the following methods: [GET]
2022-07-01 15:21:49,230 INFO o.a.j.p.h.c.CookieManager: Settings: Delete null: true Check: true Allow variable: true Save: false Prefix: COOKIE_
2022-07-01 15:21:49,269 INFO o.a.j.p.h.s.HTTPSamplerBase: Parser for text/html is org.apache.jmeter.protocol.http.parser.LagartoBasedHtmlParser
2022-07-01 15:21:49,269 INFO o.a.j.p.h.s.HTTPSamplerBase: Parser for application/xhtml+xml is org.apache.jmeter.protocol.http.parser.LagartoBasedHtmlParser
2022-07-01 15:21:49,269 INFO o.a.j.p.h.s.HTTPSamplerBase: Parser for application/xml is org.apache.jmeter.protocol.http.parser.LagartoBasedHtmlParser
2022-07-01 15:21:49,270 INFO o.a.j.p.h.s.HTTPSamplerBase: Parser for text/xml is org.apache.jmeter.protocol.http.parser.LagartoBasedHtmlParser
2022-07-01 15:21:49,270 INFO o.a.j.p.h.s.HTTPSamplerBase: Parser for text/vnd.wap.wml is org.apache.jmeter.protocol.http.parser.RegexpHTMLParser
2022-07-01 15:21:49,270 INFO o.a.j.p.h.s.HTTPSamplerBase: Parser for text/css is org.apache.jmeter.protocol.http.parser.CssParser
2022-07-01 15:21:49,315 INFO o.a.j.e.StandardJMeterEngine: Running the test!
2022-07-01 15:21:49,316 INFO o.a.j.s.SampleEvent: List of sample_variables: []
2022-07-01 15:21:49,317 INFO o.a.j.s.SampleEvent: List of sample_variables: []
2022-07-01 15:21:49,324 INFO o.a.j.e.u.CompoundVariable: Note: Function class names must contain the string: '.functions.'
2022-07-01 15:21:49,324 INFO o.a.j.e.u.CompoundVariable: Note: Function class names must not contain the string: '.gui.'
2022-07-01 15:21:49,541 INFO o.a.j.JMeter: Running test (1656663709541)
2022-07-01 15:21:49,577 INFO o.a.j.e.StandardJMeterEngine: Starting ThreadGroup: 1 : Thread Group
2022-07-01 15:21:49,578 INFO o.a.j.e.StandardJMeterEngine: Starting 10 threads for group Thread Group.
2022-07-01 15:21:49,579 INFO o.a.j.e.StandardJMeterEngine: Thread will continue on error
2022-07-01 15:21:49,661 INFO o.a.j.e.StandardJMeterEngine: All thread groups have been started
2022-07-01 15:21:49,661 INFO c.b.j.t.c.ConcurrencyThreadStarter: Start supplying threads
2022-07-01 15:21:52,678 INFO o.a.j.s.SampleResult: Note: Sample TimeStamps are START times
2022-07-01 15:21:52,678 INFO o.a.j.s.SampleResult: sampleresult.default.encoding is set to UTF-8
2022-07-01 15:21:52,678 INFO o.a.j.s.SampleResult: sampleresult.useNanoTime=true
2022-07-01 15:21:52,678 INFO o.a.j.s.SampleResult: sampleresult.nanoThreadSleep=5000
2022-07-01 15:21:52,681 INFO o.a.j.t.JMeterThread: Thread started: Thread Group-ThreadStarter 1-1
2022-07-01 15:21:52,711 INFO o.a.j.p.h.s.HTTPHCAbstractImpl: Local host = BA-00002663.local
2022-07-01 15:21:52,723 INFO o.a.j.p.h.s.HTTPHC4Impl: HTTP request retry count = 0
2022-07-01 15:21:52,895 INFO o.a.j.p.h.p.BaseParser: Created org.apache.jmeter.protocol.http.parser.LagartoBasedHtmlParser
2022-07-01 15:21:52,940 INFO o.a.j.p.h.s.ResourcesDownloader: Creating ResourcesDownloader with keepalive_inseconds : 60
2022-07-01 15:21:53,000 INFO o.a.j.p.h.p.BaseParser: Created org.apache.jmeter.protocol.http.parser.CssParser
2022-07-01 15:21:53,232 INFO o.a.j.u.JsseSSLManager: Using default SSL protocol: TLS
2022-07-01 15:21:53,232 INFO o.a.j.u.JsseSSLManager: SSL session context: per-thread
2022-07-01 15:21:58,699 INFO o.a.j.t.JMeterThread: Thread started: Thread Group-ThreadStarter 1-2
2022-07-01 15:22:04,718 INFO o.a.j.t.JMeterThread: Thread started: Thread Group-ThreadStarter 1-3
2022-07-01 15:22:10,726 INFO o.a.j.t.JMeterThread: Thread started: Thread Group-ThreadStarter 1-4
2022-07-01 15:22:16,748 INFO o.a.j.t.JMeterThread: Thread started: Thread Group-ThreadStarter 1-5
2022-07-01 15:22:22,757 INFO o.a.j.t.JMeterThread: Thread started: Thread Group-ThreadStarter 1-6
2022-07-01 15:22:28,767 INFO o.a.j.t.JMeterThread: Thread started: Thread Group-ThreadStarter 1-7
2022-07-01 15:22:34,786 INFO o.a.j.t.JMeterThread: Thread started: Thread Group-ThreadStarter 1-8
2022-07-01 15:22:40,857 INFO o.a.j.t.JMeterThread: Thread started: Thread Group-ThreadStarter 1-9
2022-07-01 15:22:46,858 INFO o.a.j.t.JMeterThread: Thread started: Thread Group-ThreadStarter 1-10
2022-07-01 15:27:49,740 INFO c.b.j.t.c.ConcurrencyThreadStarter: Done supplying threads
2022-07-01 15:27:49,826 INFO o.a.j.t.JMeterThread: Thread is done: Thread Group-ThreadStarter 1-6
2022-07-01 15:27:49,825 INFO o.a.j.t.JMeterThread: Thread is done: Thread Group-ThreadStarter 1-10
2022-07-01 15:27:49,827 INFO o.a.j.t.JMeterThread: Thread finished: Thread Group-ThreadStarter 1-6
2022-07-01 15:27:49,827 INFO o.a.j.t.JMeterThread: Thread finished: Thread Group-ThreadStarter 1-10
2022-07-01 15:27:49,829 INFO o.a.j.t.JMeterThread: Thread is done: Thread Group-ThreadStarter 1-5
2022-07-01 15:27:49,829 INFO o.a.j.t.JMeterThread: Thread finished: Thread Group-ThreadStarter 1-5
2022-07-01 15:27:49,848 INFO o.a.j.t.JMeterThread: Thread is done: Thread Group-ThreadStarter 1-7
2022-07-01 15:27:49,849 INFO o.a.j.t.JMeterThread: Thread finished: Thread Group-ThreadStarter 1-7
2022-07-01 15:27:49,850 INFO o.a.j.t.JMeterThread: Thread is done: Thread Group-ThreadStarter 1-4
2022-07-01 15:27:49,850 INFO o.a.j.t.JMeterThread: Thread finished: Thread Group-ThreadStarter 1-4
2022-07-01 15:27:49,851 INFO o.a.j.t.JMeterThread: Thread is done: Thread Group-ThreadStarter 1-3
2022-07-01 15:27:49,852 INFO o.a.j.t.JMeterThread: Thread finished: Thread Group-ThreadStarter 1-3
2022-07-01 15:27:49,852 INFO o.a.j.t.JMeterThread: Thread is done: Thread Group-ThreadStarter 1-8
2022-07-01 15:27:49,852 INFO o.a.j.t.JMeterThread: Thread finished: Thread Group-ThreadStarter 1-8
2022-07-01 15:27:49,853 INFO o.a.j.t.JMeterThread: Thread is done: Thread Group-ThreadStarter 1-1
2022-07-01 15:27:49,852 INFO o.a.j.t.JMeterThread: Thread is done: Thread Group-ThreadStarter 1-2
2022-07-01 15:27:49,853 INFO o.a.j.t.JMeterThread: Thread finished: Thread Group-ThreadStarter 1-2
2022-07-01 15:27:49,854 INFO o.a.j.t.JMeterThread: Thread is done: Thread Group-ThreadStarter 1-9
2022-07-01 15:27:49,854 INFO o.a.j.t.JMeterThread: Thread finished: Thread Group-ThreadStarter 1-9
2022-07-01 15:27:49,853 INFO o.a.j.t.JMeterThread: Thread finished: Thread Group-ThreadStarter 1-1
2022-07-01 15:27:49,899 INFO o.a.j.e.StandardJMeterEngine: Notifying test listeners of end of test
2022-07-01 15:27:49,975 INFO o.a.j.e.StandardJMeterEngine: Forced JVM shutdown requested at end of test
