2022-06-22 16:39:38,462 INFO o.a.j.u.JMeterUtils: Setting Locale to en_ID
2022-06-22 16:39:38,522 INFO o.a.j.JMeter: Loading user properties from: /Users/rismanda.kusumadewi/.bzt/jmeter-taurus/5.4.2/bin/user.properties
2022-06-22 16:39:38,524 INFO o.a.j.JMeter: Loading system properties from: /Users/rismanda.kusumadewi/.bzt/jmeter-taurus/5.4.2/bin/system.properties
2022-06-22 16:39:38,525 INFO o.a.j.JMeter: Loading additional properties from: /Users/rismanda.kusumadewi/sample_app/2022-06-22_16-39-15.647094/jmeter-bzt.properties
2022-06-22 16:39:38,529 INFO o.a.j.JMeter: Setting System properties from file: /Users/rismanda.kusumadewi/sample_app/2022-06-22_16-39-15.647094/system.properties
2022-06-22 16:39:38,576 INFO o.a.j.JMeter: Copyright (c) 1998-2021 The Apache Software Foundation
2022-06-22 16:39:38,576 INFO o.a.j.JMeter: Version 5.4.2
2022-06-22 16:39:38,576 INFO o.a.j.JMeter: java.version=16.0.2
2022-06-22 16:39:38,577 INFO o.a.j.JMeter: java.vm.name=Java HotSpot(TM) 64-Bit Server VM
2022-06-22 16:39:38,577 INFO o.a.j.JMeter: os.name=Mac OS X
2022-06-22 16:39:38,577 INFO o.a.j.JMeter: os.arch=x86_64
2022-06-22 16:39:38,577 INFO o.a.j.JMeter: os.version=11.5
2022-06-22 16:39:38,577 INFO o.a.j.JMeter: file.encoding=UTF-8
2022-06-22 16:39:38,577 INFO o.a.j.JMeter: java.awt.headless=true
2022-06-22 16:39:38,578 INFO o.a.j.JMeter: Max memory     =2147483648
2022-06-22 16:39:38,579 INFO o.a.j.JMeter: Available Processors =4
2022-06-22 16:39:38,592 INFO o.a.j.JMeter: Default Locale=English (Indonesia)
2022-06-22 16:39:38,593 INFO o.a.j.JMeter: JMeter  Locale=English (Indonesia)
2022-06-22 16:39:38,593 INFO o.a.j.JMeter: JMeterHome=/Users/rismanda.kusumadewi/.bzt/jmeter-taurus/5.4.2
2022-06-22 16:39:38,593 INFO o.a.j.JMeter: user.dir  =/Users/rismanda.kusumadewi/sample_app
2022-06-22 16:39:38,593 INFO o.a.j.JMeter: PWD       =/Users/rismanda.kusumadewi/sample_app
2022-06-22 16:39:38,597 INFO o.a.j.JMeter: IP: 192.168.1.8 Name: BA-00002663.local FullName: 192.168.1.8
2022-06-22 16:39:38,597 INFO o.a.j.JMeter: user.classpath=/Users/rismanda.kusumadewi/sample_app/2022-06-22_16-39-15.647094:/Users/rismanda.kusumadewi/sample_app/2022-06-22_16-39-15.647094
2022-06-22 16:39:38,597 INFO o.a.j.JMeter: Adding to classpath and loader: /Users/rismanda.kusumadewi/sample_app/2022-06-22_16-39-15.647094
2022-06-22 16:39:38,599 INFO o.a.j.JMeter: Adding to classpath and loader: /Users/rismanda.kusumadewi/sample_app/2022-06-22_16-39-15.647094
2022-06-22 16:39:38,607 INFO o.a.j.s.FileServer: Default base='/Users/rismanda.kusumadewi/sample_app'
2022-06-22 16:39:38,608 INFO o.a.j.s.FileServer: Set new base='/Users/rismanda.kusumadewi/sample_app/2022-06-22_16-39-15.647094'
2022-06-22 16:39:39,166 INFO o.a.j.s.SaveService: Testplan (JMX) version: 2.2. Testlog (JTL) version: 2.2
2022-06-22 16:39:39,224 INFO o.a.j.s.SaveService: Using SaveService properties version 5.0
2022-06-22 16:39:39,231 INFO o.a.j.s.SaveService: Using SaveService properties file encoding UTF-8
2022-06-22 16:39:39,245 INFO o.a.j.s.SaveService: Loading file: /Users/rismanda.kusumadewi/sample_app/2022-06-22_16-39-15.647094/modified_requests.jmx
2022-06-22 16:39:39,458 INFO o.a.j.p.h.c.CacheManager: Will only cache the following methods: [GET]
2022-06-22 16:39:39,462 INFO o.a.j.p.h.c.CookieManager: Settings: Delete null: true Check: true Allow variable: true Save: false Prefix: COOKIE_
2022-06-22 16:39:39,567 INFO o.a.j.p.h.s.HTTPSamplerBase: Parser for text/html is org.apache.jmeter.protocol.http.parser.LagartoBasedHtmlParser
2022-06-22 16:39:39,568 INFO o.a.j.p.h.s.HTTPSamplerBase: Parser for application/xhtml+xml is org.apache.jmeter.protocol.http.parser.LagartoBasedHtmlParser
2022-06-22 16:39:39,568 INFO o.a.j.p.h.s.HTTPSamplerBase: Parser for application/xml is org.apache.jmeter.protocol.http.parser.LagartoBasedHtmlParser
2022-06-22 16:39:39,568 INFO o.a.j.p.h.s.HTTPSamplerBase: Parser for text/xml is org.apache.jmeter.protocol.http.parser.LagartoBasedHtmlParser
2022-06-22 16:39:39,568 INFO o.a.j.p.h.s.HTTPSamplerBase: Parser for text/vnd.wap.wml is org.apache.jmeter.protocol.http.parser.RegexpHTMLParser
2022-06-22 16:39:39,568 INFO o.a.j.p.h.s.HTTPSamplerBase: Parser for text/css is org.apache.jmeter.protocol.http.parser.CssParser
2022-06-22 16:39:39,623 INFO o.a.j.e.StandardJMeterEngine: Running the test!
2022-06-22 16:39:39,640 INFO o.a.j.s.SampleEvent: List of sample_variables: []
2022-06-22 16:39:39,640 INFO o.a.j.s.SampleEvent: List of sample_variables: []
2022-06-22 16:39:39,646 INFO o.a.j.e.u.CompoundVariable: Note: Function class names must contain the string: '.functions.'
2022-06-22 16:39:39,646 INFO o.a.j.e.u.CompoundVariable: Note: Function class names must not contain the string: '.gui.'
2022-06-22 16:39:39,907 INFO o.a.j.JMeter: Running test (1655890779907)
2022-06-22 16:39:39,963 INFO o.a.j.e.StandardJMeterEngine: Starting ThreadGroup: 1 : Thread Group
2022-06-22 16:39:39,963 INFO o.a.j.e.StandardJMeterEngine: Starting 10 threads for group Thread Group.
2022-06-22 16:39:39,963 INFO o.a.j.e.StandardJMeterEngine: Thread will continue on error
2022-06-22 16:39:39,973 INFO c.b.j.t.c.ConcurrencyThreadStarter: Start supplying threads
2022-06-22 16:39:39,973 INFO o.a.j.e.StandardJMeterEngine: All thread groups have been started
2022-06-22 16:39:42,985 INFO o.a.j.s.SampleResult: Note: Sample TimeStamps are START times
2022-06-22 16:39:42,985 INFO o.a.j.s.SampleResult: sampleresult.default.encoding is set to UTF-8
2022-06-22 16:39:42,985 INFO o.a.j.t.JMeterThread: Thread started: Thread Group-ThreadStarter 1-1
2022-06-22 16:39:42,985 INFO o.a.j.s.SampleResult: sampleresult.useNanoTime=true
2022-06-22 16:39:42,985 INFO o.a.j.s.SampleResult: sampleresult.nanoThreadSleep=5000
2022-06-22 16:39:43,025 INFO o.a.j.p.h.s.HTTPHCAbstractImpl: Local host = BA-00002663.local
2022-06-22 16:39:43,034 INFO o.a.j.p.h.s.HTTPHC4Impl: HTTP request retry count = 0
2022-06-22 16:39:43,223 INFO o.a.j.p.h.p.BaseParser: Created org.apache.jmeter.protocol.http.parser.LagartoBasedHtmlParser
2022-06-22 16:39:43,281 INFO o.a.j.p.h.s.ResourcesDownloader: Creating ResourcesDownloader with keepalive_inseconds : 60
2022-06-22 16:39:43,356 INFO o.a.j.p.h.p.BaseParser: Created org.apache.jmeter.protocol.http.parser.CssParser
2022-06-22 16:39:43,655 INFO o.a.j.u.JsseSSLManager: Using default SSL protocol: TLS
2022-06-22 16:39:43,655 INFO o.a.j.u.JsseSSLManager: SSL session context: per-thread
2022-06-22 16:39:49,002 INFO o.a.j.t.JMeterThread: Thread started: Thread Group-ThreadStarter 1-2
2022-06-22 16:39:55,022 INFO o.a.j.t.JMeterThread: Thread started: Thread Group-ThreadStarter 1-3
2022-06-22 16:40:01,042 INFO o.a.j.t.JMeterThread: Thread started: Thread Group-ThreadStarter 1-4
2022-06-22 16:40:07,057 INFO o.a.j.t.JMeterThread: Thread started: Thread Group-ThreadStarter 1-5
2022-06-22 16:40:13,080 INFO o.a.j.t.JMeterThread: Thread started: Thread Group-ThreadStarter 1-6
2022-06-22 16:40:19,102 INFO o.a.j.t.JMeterThread: Thread started: Thread Group-ThreadStarter 1-7
2022-06-22 16:40:25,149 INFO o.a.j.t.JMeterThread: Thread started: Thread Group-ThreadStarter 1-8
2022-06-22 16:40:31,175 INFO o.a.j.t.JMeterThread: Thread started: Thread Group-ThreadStarter 1-9
2022-06-22 16:40:37,197 INFO o.a.j.t.JMeterThread: Thread started: Thread Group-ThreadStarter 1-10
2022-06-22 16:45:40,318 INFO c.b.j.t.c.ConcurrencyThreadStarter: Done supplying threads
2022-06-22 16:45:40,383 INFO o.a.j.t.JMeterThread: Thread is done: Thread Group-ThreadStarter 1-4
2022-06-22 16:45:40,383 INFO o.a.j.t.JMeterThread: Thread finished: Thread Group-ThreadStarter 1-4
2022-06-22 16:45:40,383 INFO o.a.j.t.JMeterThread: Thread is done: Thread Group-ThreadStarter 1-8
2022-06-22 16:45:40,384 INFO o.a.j.t.JMeterThread: Thread is done: Thread Group-ThreadStarter 1-7
2022-06-22 16:45:40,384 INFO o.a.j.t.JMeterThread: Thread finished: Thread Group-ThreadStarter 1-8
2022-06-22 16:45:40,384 INFO o.a.j.t.JMeterThread: Thread finished: Thread Group-ThreadStarter 1-7
2022-06-22 16:45:40,383 INFO o.a.j.t.JMeterThread: Thread is done: Thread Group-ThreadStarter 1-6
2022-06-22 16:45:40,384 INFO o.a.j.t.JMeterThread: Thread finished: Thread Group-ThreadStarter 1-6
2022-06-22 16:45:40,384 INFO o.a.j.t.JMeterThread: Thread is done: Thread Group-ThreadStarter 1-1
2022-06-22 16:45:40,384 INFO o.a.j.t.JMeterThread: Thread finished: Thread Group-ThreadStarter 1-1
2022-06-22 16:45:40,388 INFO o.a.j.t.JMeterThread: Thread is done: Thread Group-ThreadStarter 1-9
2022-06-22 16:45:40,388 INFO o.a.j.t.JMeterThread: Thread finished: Thread Group-ThreadStarter 1-9
2022-06-22 16:45:40,392 INFO o.a.j.t.JMeterThread: Thread is done: Thread Group-ThreadStarter 1-3
2022-06-22 16:45:40,392 INFO o.a.j.t.JMeterThread: Thread is done: Thread Group-ThreadStarter 1-2
2022-06-22 16:45:40,393 INFO o.a.j.t.JMeterThread: Thread finished: Thread Group-ThreadStarter 1-2
2022-06-22 16:45:40,393 INFO o.a.j.t.JMeterThread: Thread finished: Thread Group-ThreadStarter 1-3
2022-06-22 16:45:40,396 INFO o.a.j.t.JMeterThread: Thread is done: Thread Group-ThreadStarter 1-5
2022-06-22 16:45:40,396 INFO o.a.j.t.JMeterThread: Thread finished: Thread Group-ThreadStarter 1-5
2022-06-22 16:45:40,397 INFO o.a.j.t.JMeterThread: Thread is done: Thread Group-ThreadStarter 1-10
2022-06-22 16:45:40,397 INFO o.a.j.t.JMeterThread: Thread finished: Thread Group-ThreadStarter 1-10
2022-06-22 16:45:40,407 INFO o.a.j.e.StandardJMeterEngine: Notifying test listeners of end of test
2022-06-22 16:45:40,421 INFO o.a.j.e.StandardJMeterEngine: Forced JVM shutdown requested at end of test
