2022-07-04 11:50:14,761 INFO o.a.j.u.JMeterUtils: Setting Locale to en_ID
2022-07-04 11:50:14,837 INFO o.a.j.JMeter: Loading user properties from: /Users/rismanda.kusumadewi/.bzt/jmeter-taurus/5.4.2/bin/user.properties
2022-07-04 11:50:14,838 INFO o.a.j.JMeter: Loading system properties from: /Users/rismanda.kusumadewi/.bzt/jmeter-taurus/5.4.2/bin/system.properties
2022-07-04 11:50:14,838 INFO o.a.j.JMeter: Loading additional properties from: /Users/rismanda.kusumadewi/sample_app/2022-07-04_11-49-51.005745/jmeter-bzt.properties
2022-07-04 11:50:14,839 INFO o.a.j.JMeter: Setting System properties from file: /Users/rismanda.kusumadewi/sample_app/2022-07-04_11-49-51.005745/system.properties
2022-07-04 11:50:14,848 INFO o.a.j.JMeter: Copyright (c) 1998-2021 The Apache Software Foundation
2022-07-04 11:50:14,848 INFO o.a.j.JMeter: Version 5.4.2
2022-07-04 11:50:14,849 INFO o.a.j.JMeter: java.version=16.0.2
2022-07-04 11:50:14,849 INFO o.a.j.JMeter: java.vm.name=Java HotSpot(TM) 64-Bit Server VM
2022-07-04 11:50:14,849 INFO o.a.j.JMeter: os.name=Mac OS X
2022-07-04 11:50:14,849 INFO o.a.j.JMeter: os.arch=x86_64
2022-07-04 11:50:14,849 INFO o.a.j.JMeter: os.version=11.5
2022-07-04 11:50:14,849 INFO o.a.j.JMeter: file.encoding=UTF-8
2022-07-04 11:50:14,850 INFO o.a.j.JMeter: java.awt.headless=true
2022-07-04 11:50:14,850 INFO o.a.j.JMeter: Max memory     =2147483648
2022-07-04 11:50:14,850 INFO o.a.j.JMeter: Available Processors =4
2022-07-04 11:50:14,858 INFO o.a.j.JMeter: Default Locale=English (Indonesia)
2022-07-04 11:50:14,859 INFO o.a.j.JMeter: JMeter  Locale=English (Indonesia)
2022-07-04 11:50:14,859 INFO o.a.j.JMeter: JMeterHome=/Users/rismanda.kusumadewi/.bzt/jmeter-taurus/5.4.2
2022-07-04 11:50:14,859 INFO o.a.j.JMeter: user.dir  =/Users/rismanda.kusumadewi/sample_app
2022-07-04 11:50:14,860 INFO o.a.j.JMeter: PWD       =/Users/rismanda.kusumadewi/sample_app
2022-07-04 11:50:14,862 INFO o.a.j.JMeter: IP: 10.33.198.223 Name: BA-00002663.local FullName: 10.33.198.223
2022-07-04 11:50:14,862 INFO o.a.j.JMeter: user.classpath=/Users/rismanda.kusumadewi/sample_app/2022-07-04_11-49-51.005745:/Users/rismanda.kusumadewi/sample_app/2022-07-04_11-49-51.005745
2022-07-04 11:50:14,862 INFO o.a.j.JMeter: Adding to classpath and loader: /Users/rismanda.kusumadewi/sample_app/2022-07-04_11-49-51.005745
2022-07-04 11:50:14,863 INFO o.a.j.JMeter: Adding to classpath and loader: /Users/rismanda.kusumadewi/sample_app/2022-07-04_11-49-51.005745
2022-07-04 11:50:14,869 INFO o.a.j.s.FileServer: Default base='/Users/rismanda.kusumadewi/sample_app'
2022-07-04 11:50:14,870 INFO o.a.j.s.FileServer: Set new base='/Users/rismanda.kusumadewi/sample_app/2022-07-04_11-49-51.005745'
2022-07-04 11:50:15,353 INFO o.a.j.s.SaveService: Testplan (JMX) version: 2.2. Testlog (JTL) version: 2.2
2022-07-04 11:50:15,385 INFO o.a.j.s.SaveService: Using SaveService properties version 5.0
2022-07-04 11:50:15,389 INFO o.a.j.s.SaveService: Using SaveService properties file encoding UTF-8
2022-07-04 11:50:15,395 INFO o.a.j.s.SaveService: Loading file: /Users/rismanda.kusumadewi/sample_app/2022-07-04_11-49-51.005745/modified_requests.jmx
2022-07-04 11:50:15,492 INFO o.a.j.p.h.c.CacheManager: Will only cache the following methods: [GET]
2022-07-04 11:50:15,495 INFO o.a.j.p.h.c.CookieManager: Settings: Delete null: true Check: true Allow variable: true Save: false Prefix: COOKIE_
2022-07-04 11:50:15,529 INFO o.a.j.p.h.s.HTTPSamplerBase: Parser for text/html is org.apache.jmeter.protocol.http.parser.LagartoBasedHtmlParser
2022-07-04 11:50:15,529 INFO o.a.j.p.h.s.HTTPSamplerBase: Parser for application/xhtml+xml is org.apache.jmeter.protocol.http.parser.LagartoBasedHtmlParser
2022-07-04 11:50:15,529 INFO o.a.j.p.h.s.HTTPSamplerBase: Parser for application/xml is org.apache.jmeter.protocol.http.parser.LagartoBasedHtmlParser
2022-07-04 11:50:15,529 INFO o.a.j.p.h.s.HTTPSamplerBase: Parser for text/xml is org.apache.jmeter.protocol.http.parser.LagartoBasedHtmlParser
2022-07-04 11:50:15,529 INFO o.a.j.p.h.s.HTTPSamplerBase: Parser for text/vnd.wap.wml is org.apache.jmeter.protocol.http.parser.RegexpHTMLParser
2022-07-04 11:50:15,529 INFO o.a.j.p.h.s.HTTPSamplerBase: Parser for text/css is org.apache.jmeter.protocol.http.parser.CssParser
2022-07-04 11:50:15,573 INFO o.a.j.e.StandardJMeterEngine: Running the test!
2022-07-04 11:50:15,575 INFO o.a.j.s.SampleEvent: List of sample_variables: []
2022-07-04 11:50:15,575 INFO o.a.j.s.SampleEvent: List of sample_variables: []
2022-07-04 11:50:15,581 INFO o.a.j.e.u.CompoundVariable: Note: Function class names must contain the string: '.functions.'
2022-07-04 11:50:15,582 INFO o.a.j.e.u.CompoundVariable: Note: Function class names must not contain the string: '.gui.'
2022-07-04 11:50:15,886 INFO o.a.j.JMeter: Running test (1656910215886)
2022-07-04 11:50:15,922 INFO o.a.j.e.StandardJMeterEngine: Starting ThreadGroup: 1 : Thread Group
2022-07-04 11:50:15,922 INFO o.a.j.e.StandardJMeterEngine: Starting 10 threads for group Thread Group.
2022-07-04 11:50:15,922 INFO o.a.j.e.StandardJMeterEngine: Thread will continue on error
2022-07-04 11:50:15,926 INFO o.a.j.e.StandardJMeterEngine: All thread groups have been started
2022-07-04 11:50:15,926 INFO c.b.j.t.c.ConcurrencyThreadStarter: Start supplying threads
2022-07-04 11:50:18,952 INFO o.a.j.s.SampleResult: Note: Sample TimeStamps are START times
2022-07-04 11:50:18,952 INFO o.a.j.s.SampleResult: sampleresult.default.encoding is set to UTF-8
2022-07-04 11:50:18,952 INFO o.a.j.s.SampleResult: sampleresult.useNanoTime=true
2022-07-04 11:50:18,952 INFO o.a.j.s.SampleResult: sampleresult.nanoThreadSleep=5000
2022-07-04 11:50:18,956 INFO o.a.j.t.JMeterThread: Thread started: Thread Group-ThreadStarter 1-1
2022-07-04 11:50:19,068 INFO o.a.j.p.h.s.HTTPHCAbstractImpl: Local host = BA-00002663.local
2022-07-04 11:50:19,089 INFO o.a.j.p.h.s.HTTPHC4Impl: HTTP request retry count = 0
2022-07-04 11:50:19,245 INFO o.a.j.p.h.p.BaseParser: Created org.apache.jmeter.protocol.http.parser.LagartoBasedHtmlParser
2022-07-04 11:50:19,312 INFO o.a.j.p.h.s.ResourcesDownloader: Creating ResourcesDownloader with keepalive_inseconds : 60
2022-07-04 11:50:19,409 INFO o.a.j.p.h.p.BaseParser: Created org.apache.jmeter.protocol.http.parser.CssParser
2022-07-04 11:50:19,604 INFO o.a.j.u.JsseSSLManager: Using default SSL protocol: TLS
2022-07-04 11:50:19,604 INFO o.a.j.u.JsseSSLManager: SSL session context: per-thread
2022-07-04 11:50:24,970 INFO o.a.j.t.JMeterThread: Thread started: Thread Group-ThreadStarter 1-2
2022-07-04 11:50:30,988 INFO o.a.j.t.JMeterThread: Thread started: Thread Group-ThreadStarter 1-3
2022-07-04 11:50:36,998 INFO o.a.j.t.JMeterThread: Thread started: Thread Group-ThreadStarter 1-4
2022-07-04 11:50:43,009 INFO o.a.j.t.JMeterThread: Thread started: Thread Group-ThreadStarter 1-5
2022-07-04 11:50:49,018 INFO o.a.j.t.JMeterThread: Thread started: Thread Group-ThreadStarter 1-6
2022-07-04 11:50:55,028 INFO o.a.j.t.JMeterThread: Thread started: Thread Group-ThreadStarter 1-7
2022-07-04 11:51:01,050 INFO o.a.j.t.JMeterThread: Thread started: Thread Group-ThreadStarter 1-8
2022-07-04 11:51:07,063 INFO o.a.j.t.JMeterThread: Thread started: Thread Group-ThreadStarter 1-9
2022-07-04 11:51:13,081 INFO o.a.j.t.JMeterThread: Thread started: Thread Group-ThreadStarter 1-10
